Flow report for Mux3232
Sun Dec 01 00:53:42 2019
Quartus II 64-Bit Version 13.0.1 Build 232 06/12/2013 Service Pack 1 SJ Web Edition


---------------------
; Table of Contents ;
---------------------
  1. Legal Notice
  2. Flow Summary
  3. Flow Settings
  4. Flow Non-Default Global Settings
  5. Flow Elapsed Time
  6. Flow OS Summary
  7. Flow Log
  8. Flow Messages
  9. Flow Suppressed Messages



----------------
; Legal Notice ;
----------------
Copyright (C) 1991-2013 Altera Corporation
Your use of Altera Corporation's design tools, logic functions 
and other software and tools, and its AMPP partner logic 
functions, and any output files from any of the foregoing 
(including device programming or simulation files), and any 
associated documentation or information are expressly subject 
to the terms and conditions of the Altera Program License 
Subscription Agreement, Altera MegaCore Function License 
Agreement, or other applicable license agreement, including, 
without limitation, that your use is for the sole purpose of 
programming logic devices manufactured by Altera and sold by 
Altera or its authorized distributors.  Please refer to the 
applicable agreement for further details.



+--------------------------------------------------------------------------------------+
; Flow Summary                                                                         ;
+------------------------------------+-------------------------------------------------+
; Flow Status                        ; Successful - Sun Dec 01 00:53:42 2019           ;
; Quartus II 64-Bit Version          ; 13.0.1 Build 232 06/12/2013 SP 1 SJ Web Edition ;
; Revision Name                      ; Mux3232                                         ;
; Top-level Entity Name              ; Mux3232                                         ;
; Family                             ; Cyclone II                                      ;
; Device                             ; EP2C50F672C7                                    ;
; Timing Models                      ; Final                                           ;
; Total logic elements               ; 32 / 50,528 ( < 1 % )                           ;
;     Total combinational functions  ; 32 / 50,528 ( < 1 % )                           ;
;     Dedicated logic registers      ; 0 / 50,528 ( 0 % )                              ;
; Total registers                    ; 0                                               ;
; Total pins                         ; 97 / 450 ( 22 % )                               ;
; Total virtual pins                 ; 0                                               ;
; Total memory bits                  ; 0 / 594,432 ( 0 % )                             ;
; Embedded Multiplier 9-bit elements ; 0 / 172 ( 0 % )                                 ;
; Total PLLs                         ; 0 / 4 ( 0 % )                                   ;
+------------------------------------+-------------------------------------------------+


+-----------------------------------------+
; Flow Settings                           ;
+-------------------+---------------------+
; Option            ; Setting             ;
+-------------------+---------------------+
; Start date & time ; 12/01/2019 00:51:50 ;
; Main task         ; Compilation         ;
; Revision Name     ; Mux3232             ;
+-------------------+---------------------+


+-----------------------------------------------------------------------------------------------------------------------------+
; Flow Non-Default Global Settings                                                                                            ;
+--------------------------------------+---------------------------------------+---------------+-------------+----------------+
; Assignment Name                      ; Value                                 ; Default Value ; Entity Name ; Section Id     ;
+--------------------------------------+---------------------------------------+---------------+-------------+----------------+
; COMPILER_SIGNATURE_ID                ; 70787611996857.157517230907172        ; --            ; --          ; --             ;
; EDA_DESIGN_INSTANCE_NAME             ; NA                                    ; --            ; --          ; Mux3232tb      ;
; EDA_NATIVELINK_SIMULATION_TEST_BENCH ; Mux3232tb                             ; --            ; --          ; eda_simulation ;
; EDA_OUTPUT_DATA_FORMAT               ; Vhdl                                  ; --            ; --          ; eda_simulation ;
; EDA_SIMULATION_TOOL                  ; ModelSim-Altera (VHDL)                ; <None>        ; --          ; --             ;
; EDA_TEST_BENCH_ENABLE_STATUS         ; TEST_BENCH_MODE                       ; --            ; --          ; eda_simulation ;
; EDA_TEST_BENCH_FILE                  ; Mux3232tb.vhd                         ; --            ; --          ; Mux3232tb      ;
; EDA_TEST_BENCH_MODULE_NAME           ; Mux3232tb                             ; --            ; --          ; Mux3232tb      ;
; EDA_TEST_BENCH_NAME                  ; Mux3232tb                             ; --            ; --          ; eda_simulation ;
; EDA_TEST_BENCH_RUN_SIM_FOR           ; 110 ns                                ; --            ; --          ; Mux3232tb      ;
; MAX_CORE_JUNCTION_TEMP               ; 85                                    ; --            ; --          ; --             ;
; MIN_CORE_JUNCTION_TEMP               ; 0                                     ; --            ; --          ; --             ;
; PARTITION_COLOR                      ; 16764057                              ; --            ; --          ; Top            ;
; PARTITION_FITTER_PRESERVATION_LEVEL  ; PLACEMENT_AND_ROUTING                 ; --            ; --          ; Top            ;
; PARTITION_NETLIST_TYPE               ; SOURCE                                ; --            ; --          ; Top            ;
; POWER_BOARD_THERMAL_MODEL            ; None (CONSERVATIVE)                   ; --            ; --          ; --             ;
; POWER_PRESET_COOLING_SOLUTION        ; 23 MM HEAT SINK WITH 200 LFPM AIRFLOW ; --            ; --          ; --             ;
; PROJECT_OUTPUT_DIRECTORY             ; output_files                          ; --            ; --          ; --             ;
+--------------------------------------+---------------------------------------+---------------+-------------+----------------+


+-------------------------------------------------------------------------------------------------------------------------------+
; Flow Elapsed Time                                                                                                             ;
+---------------------------+--------------+-------------------------+---------------------+------------------------------------+
; Module Name               ; Elapsed Time ; Average Processors Used ; Peak Virtual Memory ; Total CPU Time (on all processors) ;
+---------------------------+--------------+-------------------------+---------------------+------------------------------------+
; Analysis & Synthesis      ; 00:00:10     ; 1.0                     ; 4632 MB             ; 00:00:05                           ;
; Fitter                    ; 00:00:30     ; 1.0                     ; 4859 MB             ; 00:00:18                           ;
; Assembler                 ; 00:00:11     ; 1.0                     ; 4563 MB             ; 00:00:07                           ;
; TimeQuest Timing Analyzer ; 00:00:05     ; 1.0                     ; 4551 MB             ; 00:00:03                           ;
; EDA Netlist Writer        ; 00:00:02     ; 1.0                     ; 4518 MB             ; 00:00:01                           ;
; Total                     ; 00:00:58     ; --                      ; --                  ; 00:00:34                           ;
+---------------------------+--------------+-------------------------+---------------------+------------------------------------+


+----------------------------------------------------------------------------------------+
; Flow OS Summary                                                                        ;
+---------------------------+------------------+-----------+------------+----------------+
; Module Name               ; Machine Hostname ; OS Name   ; OS Version ; Processor type ;
+---------------------------+------------------+-----------+------------+----------------+
; Analysis & Synthesis      ; DESKTOP-46G53ST  ; Windows 7 ; 6.2        ; x86_64         ;
; Fitter                    ; DESKTOP-46G53ST  ; Windows 7 ; 6.2        ; x86_64         ;
; Assembler                 ; DESKTOP-46G53ST  ; Windows 7 ; 6.2        ; x86_64         ;
; TimeQuest Timing Analyzer ; DESKTOP-46G53ST  ; Windows 7 ; 6.2        ; x86_64         ;
; EDA Netlist Writer        ; DESKTOP-46G53ST  ; Windows 7 ; 6.2        ; x86_64         ;
+---------------------------+------------------+-----------+------------+----------------+


------------
; Flow Log ;
------------
quartus_map --read_settings_files=on --write_settings_files=off Mux3232 -c Mux3232
quartus_fit --read_settings_files=off --write_settings_files=off Mux3232 -c Mux3232
quartus_asm --read_settings_files=off --write_settings_files=off Mux3232 -c Mux3232
quartus_sta Mux3232 -c Mux3232
quartus_eda --read_settings_files=off --write_settings_files=off Mux3232 -c Mux3232



