Analysis & Synthesis report for Pipeline
Mon Dec  2 16:57:14 2019
Quartus II 32-bit Version 13.0.0 Build 156 04/24/2013 SJ Web Edition


---------------------
; Table of Contents ;
---------------------
  1. Legal Notice
  2. Analysis & Synthesis Summary
  3. Analysis & Synthesis Settings
  4. Parallel Compilation
  5. Analysis & Synthesis Messages



----------------
; Legal Notice ;
----------------
Copyright (C) 1991-2013 Altera Corporation
Your use of Altera Corporation's design tools, logic functions 
and other software and tools, and its AMPP partner logic 
functions, and any output files from any of the foregoing 
(including device programming or simulation files), and any 
associated documentation or information are expressly subject 
to the terms and conditions of the Altera Program License 
Subscription Agreement, Altera MegaCore Function License 
Agreement, or other applicable license agreement, including, 
without limitation, that your use is for the sole purpose of 
programming logic devices manufactured by Altera and sold by 
Altera or its authorized distributors.  Please refer to the 
applicable agreement for further details.



+---------------------------------------------------------------------------------+
; Analysis & Synthesis Summary                                                    ;
+------------------------------------+--------------------------------------------+
; Analysis & Synthesis Status        ; Failed - Mon Dec  2 16:57:14 2019          ;
; Quartus II 32-bit Version          ; 13.0.0 Build 156 04/24/2013 SJ Web Edition ;
; Revision Name                      ; Pipeline                                   ;
; Top-level Entity Name              ; Pipeline                                   ;
; Family                             ; Cyclone II                                 ;
; Total logic elements               ; N/A until Partition Merge                  ;
;     Total combinational functions  ; N/A until Partition Merge                  ;
;     Dedicated logic registers      ; N/A until Partition Merge                  ;
; Total registers                    ; N/A until Partition Merge                  ;
; Total pins                         ; N/A until Partition Merge                  ;
; Total virtual pins                 ; N/A until Partition Merge                  ;
; Total memory bits                  ; N/A until Partition Merge                  ;
; Embedded Multiplier 9-bit elements ; N/A until Partition Merge                  ;
; Total PLLs                         ; N/A until Partition Merge                  ;
+------------------------------------+--------------------------------------------+


+----------------------------------------------------------------------------------------------------------------------+
; Analysis & Synthesis Settings                                                                                        ;
+----------------------------------------------------------------------------+--------------------+--------------------+
; Option                                                                     ; Setting            ; Default Value      ;
+----------------------------------------------------------------------------+--------------------+--------------------+
; Device                                                                     ; EP2C35F672C6       ;                    ;
; Top-level entity name                                                      ; Pipeline           ; Pipeline           ;
; Family name                                                                ; Cyclone II         ; Cyclone IV GX      ;
; Use smart compilation                                                      ; Off                ; Off                ;
; Enable parallel Assembler and TimeQuest Timing Analyzer during compilation ; On                 ; On                 ;
; Enable compact report table                                                ; Off                ; Off                ;
; Restructure Multiplexers                                                   ; Auto               ; Auto               ;
; Create Debugging Nodes for IP Cores                                        ; Off                ; Off                ;
; Preserve fewer node names                                                  ; On                 ; On                 ;
; Disable OpenCore Plus hardware evaluation                                  ; Off                ; Off                ;
; Verilog Version                                                            ; Verilog_2001       ; Verilog_2001       ;
; VHDL Version                                                               ; VHDL_1993          ; VHDL_1993          ;
; State Machine Processing                                                   ; Auto               ; Auto               ;
; Safe State Machine                                                         ; Off                ; Off                ;
; Extract Verilog State Machines                                             ; On                 ; On                 ;
; Extract VHDL State Machines                                                ; On                 ; On                 ;
; Ignore Verilog initial constructs                                          ; Off                ; Off                ;
; Iteration limit for constant Verilog loops                                 ; 5000               ; 5000               ;
; Iteration limit for non-constant Verilog loops                             ; 250                ; 250                ;
; Add Pass-Through Logic to Inferred RAMs                                    ; On                 ; On                 ;
; Infer RAMs from Raw Logic                                                  ; On                 ; On                 ;
; Parallel Synthesis                                                         ; On                 ; On                 ;
; DSP Block Balancing                                                        ; Auto               ; Auto               ;
; NOT Gate Push-Back                                                         ; On                 ; On                 ;
; Power-Up Don't Care                                                        ; On                 ; On                 ;
; Remove Redundant Logic Cells                                               ; Off                ; Off                ;
; Remove Duplicate Registers                                                 ; On                 ; On                 ;
; Ignore CARRY Buffers                                                       ; Off                ; Off                ;
; Ignore CASCADE Buffers                                                     ; Off                ; Off                ;
; Ignore GLOBAL Buffers                                                      ; Off                ; Off                ;
; Ignore ROW GLOBAL Buffers                                                  ; Off                ; Off                ;
; Ignore LCELL Buffers                                                       ; Off                ; Off                ;
; Ignore SOFT Buffers                                                        ; On                 ; On                 ;
; Limit AHDL Integers to 32 Bits                                             ; Off                ; Off                ;
; Optimization Technique                                                     ; Balanced           ; Balanced           ;
; Carry Chain Length                                                         ; 70                 ; 70                 ;
; Auto Carry Chains                                                          ; On                 ; On                 ;
; Auto Open-Drain Pins                                                       ; On                 ; On                 ;
; Perform WYSIWYG Primitive Resynthesis                                      ; Off                ; Off                ;
; Auto ROM Replacement                                                       ; On                 ; On                 ;
; Auto RAM Replacement                                                       ; On                 ; On                 ;
; Auto Shift Register Replacement                                            ; Auto               ; Auto               ;
; Allow Shift Register Merging across Hierarchies                            ; Auto               ; Auto               ;
; Auto Clock Enable Replacement                                              ; On                 ; On                 ;
; Strict RAM Replacement                                                     ; Off                ; Off                ;
; Allow Synchronous Control Signals                                          ; On                 ; On                 ;
; Force Use of Synchronous Clear Signals                                     ; Off                ; Off                ;
; Auto RAM to Logic Cell Conversion                                          ; Off                ; Off                ;
; Auto Resource Sharing                                                      ; Off                ; Off                ;
; Allow Any RAM Size For Recognition                                         ; Off                ; Off                ;
; Allow Any ROM Size For Recognition                                         ; Off                ; Off                ;
; Allow Any Shift Register Size For Recognition                              ; Off                ; Off                ;
; Use LogicLock Constraints during Resource Balancing                        ; On                 ; On                 ;
; Ignore translate_off and synthesis_off directives                          ; Off                ; Off                ;
; Timing-Driven Synthesis                                                    ; Off                ; Off                ;
; Report Parameter Settings                                                  ; On                 ; On                 ;
; Report Source Assignments                                                  ; On                 ; On                 ;
; Report Connectivity Checks                                                 ; On                 ; On                 ;
; Ignore Maximum Fan-Out Assignments                                         ; Off                ; Off                ;
; Synchronization Register Chain Length                                      ; 2                  ; 2                  ;
; PowerPlay Power Optimization                                               ; Normal compilation ; Normal compilation ;
; HDL message level                                                          ; Level2             ; Level2             ;
; Suppress Register Optimization Related Messages                            ; Off                ; Off                ;
; Number of Removed Registers Reported in Synthesis Report                   ; 5000               ; 5000               ;
; Number of Swept Nodes Reported in Synthesis Report                         ; 5000               ; 5000               ;
; Number of Inverted Registers Reported in Synthesis Report                  ; 100                ; 100                ;
; Clock MUX Protection                                                       ; On                 ; On                 ;
; Auto Gated Clock Conversion                                                ; Off                ; Off                ;
; Block Design Naming                                                        ; Auto               ; Auto               ;
; SDC constraint protection                                                  ; Off                ; Off                ;
; Synthesis Effort                                                           ; Auto               ; Auto               ;
; Shift Register Replacement - Allow Asynchronous Clear Signal               ; On                 ; On                 ;
; Pre-Mapping Resynthesis Optimization                                       ; Off                ; Off                ;
; Analysis & Synthesis Message Level                                         ; Medium             ; Medium             ;
; Disable Register Merging Across Hierarchies                                ; Auto               ; Auto               ;
; Resource Aware Inference For Block RAM                                     ; On                 ; On                 ;
; Synthesis Seed                                                             ; 1                  ; 1                  ;
+----------------------------------------------------------------------------+--------------------+--------------------+


Parallel compilation was disabled, but you have multiple processors available. Enable parallel compilation to reduce compilation time.
+-------------------------------------+
; Parallel Compilation                ;
+----------------------------+--------+
; Processors                 ; Number ;
+----------------------------+--------+
; Number detected on machine ; 4      ;
; Maximum allowed            ; 1      ;
+----------------------------+--------+


+-------------------------------+
; Analysis & Synthesis Messages ;
+-------------------------------+
Info: *******************************************************************
Info: Running Quartus II 32-bit Analysis & Synthesis
    Info: Version 13.0.0 Build 156 04/24/2013 SJ Web Edition
    Info: Processing started: Mon Dec  2 16:57:12 2019
Info: Command: quartus_map --read_settings_files=on --write_settings_files=off Pipeline -c Pipeline
Warning (20028): Parallel compilation is not licensed and has been disabled
Info (12021): Found 2 design units, including 1 entities, in source file Hazard/Hazard.vhd
    Info (12022): Found design unit 1: Hazard-struct
    Info (12023): Found entity 1: Hazard
Info (12021): Found 2 design units, including 1 entities, in source file Datapath/Datapath.vhd
    Info (12022): Found design unit 1: datapath-struct
    Info (12023): Found entity 1: datapath
Info (12021): Found 2 design units, including 1 entities, in source file Controladora/Control.vhd
    Info (12022): Found design unit 1: Control-Logic
    Info (12023): Found entity 1: Control
Info (12021): Found 2 design units, including 1 entities, in source file Pipeline.vhd
    Info (12022): Found design unit 1: Pipeline-struct
    Info (12023): Found entity 1: Pipeline
Info (12127): Elaborating entity "Pipeline" for the top level hierarchy
Warning (10541): VHDL Signal Declaration warning at Pipeline.vhd(46): used implicit default value for signal "clk" because signal was never assigned a value or an explicit default value. Use of implicit default value may introduce unintended design optimizations.
Warning (10541): VHDL Signal Declaration warning at Pipeline.vhd(51): used implicit default value for signal "WriteRegW" because signal was never assigned a value or an explicit default value. Use of implicit default value may introduce unintended design optimizations.
Warning (10541): VHDL Signal Declaration warning at Pipeline.vhd(51): used implicit default value for signal "RsE" because signal was never assigned a value or an explicit default value. Use of implicit default value may introduce unintended design optimizations.
Warning (10541): VHDL Signal Declaration warning at Pipeline.vhd(51): used implicit default value for signal "RtE" because signal was never assigned a value or an explicit default value. Use of implicit default value may introduce unintended design optimizations.
Info (12128): Elaborating entity "datapath" for hierarchy "datapath:Caminho_de_dados"
Warning (10541): VHDL Signal Declaration warning at Datapath.vhd(15): used implicit default value for signal "RegWriteW" because signal was never assigned a value or an explicit default value. Use of implicit default value may introduce unintended design optimizations.
Warning (10541): VHDL Signal Declaration warning at Datapath.vhd(146): used implicit default value for signal "RD" because signal was never assigned a value or an explicit default value. Use of implicit default value may introduce unintended design optimizations.
Warning (10541): VHDL Signal Declaration warning at Datapath.vhd(147): used implicit default value for signal "RD1" because signal was never assigned a value or an explicit default value. Use of implicit default value may introduce unintended design optimizations.
Warning (10541): VHDL Signal Declaration warning at Datapath.vhd(147): used implicit default value for signal "RD2" because signal was never assigned a value or an explicit default value. Use of implicit default value may introduce unintended design optimizations.
Warning (10036): Verilog HDL or VHDL warning at Datapath.vhd(150): object "RsA1" assigned a value but never read
Warning (10036): Verilog HDL or VHDL warning at Datapath.vhd(150): object "RtA2" assigned a value but never read
Warning (10036): Verilog HDL or VHDL warning at Datapath.vhd(153): object "RsE_wire" assigned a value but never read
Warning (10036): Verilog HDL or VHDL warning at Datapath.vhd(154): object "RegWriteW_wire" assigned a value but never read
Warning (10036): Verilog HDL or VHDL warning at Datapath.vhd(157): object "WriteRegW_wire" assigned a value but never read
Info (12128): Elaborating entity "Control" for hierarchy "Control:Controladora"
Info (12128): Elaborating entity "Hazard" for hierarchy "Hazard:Unidade_de_Hazard"
Warning (10492): VHDL Process Statement warning at Hazard.vhd(23): signal "RsE" is read inside the Process Statement but isn't in the Process Statement's sensitivity list
Warning (10492): VHDL Process Statement warning at Hazard.vhd(23): signal "WriteRegW" is read inside the Process Statement but isn't in the Process Statement's sensitivity list
Warning (10492): VHDL Process Statement warning at Hazard.vhd(23): signal "RegWriteW" is read inside the Process Statement but isn't in the Process Statement's sensitivity list
Warning (10492): VHDL Process Statement warning at Hazard.vhd(30): signal "RtE" is read inside the Process Statement but isn't in the Process Statement's sensitivity list
Warning (10492): VHDL Process Statement warning at Hazard.vhd(30): signal "WriteRegW" is read inside the Process Statement but isn't in the Process Statement's sensitivity list
Warning (10492): VHDL Process Statement warning at Hazard.vhd(30): signal "RegWriteW" is read inside the Process Statement but isn't in the Process Statement's sensitivity list
Error (12006): Node instance "Registrador_PC" instantiates undefined entity "regPC" File: /home/ana/Documentos/Gits/Projeto_AOC/Pipeline/Datapath/Datapath.vhd Line: 165
Error (12006): Node instance "PC_incremento" instantiates undefined entity "Somador" File: /home/ana/Documentos/Gits/Projeto_AOC/Pipeline/Datapath/Datapath.vhd Line: 166
Error (12006): Node instance "Registrador_D" instantiates undefined entity "regD" File: /home/ana/Documentos/Gits/Projeto_AOC/Pipeline/Datapath/Datapath.vhd Line: 167
Error (12006): Node instance "Divisor" instantiates undefined entity "divisor_sinal" File: /home/ana/Documentos/Gits/Projeto_AOC/Pipeline/Datapath/Datapath.vhd Line: 168
Error (12006): Node instance "Extensao_de_sinal" instantiates undefined entity "SignExtend" File: /home/ana/Documentos/Gits/Projeto_AOC/Pipeline/Datapath/Datapath.vhd Line: 169
Error (12006): Node instance "Registrador_E" instantiates undefined entity "regE" File: /home/ana/Documentos/Gits/Projeto_AOC/Pipeline/Datapath/Datapath.vhd Line: 170
Error (12006): Node instance "Mux1" instantiates undefined entity "Mux2x1_5bits" File: /home/ana/Documentos/Gits/Projeto_AOC/Pipeline/Datapath/Datapath.vhd Line: 172
Error (12006): Node instance "Mux2" instantiates undefined entity "Mux2x1_32bits" File: /home/ana/Documentos/Gits/Projeto_AOC/Pipeline/Datapath/Datapath.vhd Line: 173
Error (12006): Node instance "Mux3" instantiates undefined entity "Mux2x1_32bits" File: /home/ana/Documentos/Gits/Projeto_AOC/Pipeline/Datapath/Datapath.vhd Line: 174
Error (12006): Node instance "Mux4" instantiates undefined entity "Mux2x1_32bits" File: /home/ana/Documentos/Gits/Projeto_AOC/Pipeline/Datapath/Datapath.vhd Line: 175
Error (12006): Node instance "ALU_1" instantiates undefined entity "ALU" File: /home/ana/Documentos/Gits/Projeto_AOC/Pipeline/Datapath/Datapath.vhd Line: 176
Error (12006): Node instance "Registrador_W" instantiates undefined entity "regW" File: /home/ana/Documentos/Gits/Projeto_AOC/Pipeline/Datapath/Datapath.vhd Line: 177
Error: Quartus II 32-bit Analysis & Synthesis was unsuccessful. 12 errors, 20 warnings
    Error: Peak virtual memory: 355 megabytes
    Error: Processing ended: Mon Dec  2 16:57:14 2019
    Error: Elapsed time: 00:00:02
    Error: Total CPU time (on all processors): 00:00:01


