Analysis & Synthesis report for Datapath
Mon Dec 02 10:15:38 2019
Quartus II 64-Bit Version 13.0.1 Build 232 06/12/2013 Service Pack 1 SJ Web Edition


---------------------
; Table of Contents ;
---------------------
  1. Legal Notice
  2. Analysis & Synthesis Summary
  3. Analysis & Synthesis Settings
  4. Parallel Compilation
  5. Analysis & Synthesis Source Files Read
  6. Analysis & Synthesis Resource Usage Summary
  7. Analysis & Synthesis Resource Utilization by Entity
  8. Registers Removed During Synthesis
  9. General Register Statistics
 10. Port Connectivity Checks: "regW:Registrador_W"
 11. Port Connectivity Checks: "regE:Registrador_E"
 12. Port Connectivity Checks: "divisor_sinal:Divisor"
 13. Port Connectivity Checks: "somador:PC_incremento"
 14. Elapsed Time Per Partition
 15. Analysis & Synthesis Messages



----------------
; Legal Notice ;
----------------
Copyright (C) 1991-2013 Altera Corporation
Your use of Altera Corporation's design tools, logic functions 
and other software and tools, and its AMPP partner logic 
functions, and any output files from any of the foregoing 
(including device programming or simulation files), and any 
associated documentation or information are expressly subject 
to the terms and conditions of the Altera Program License 
Subscription Agreement, Altera MegaCore Function License 
Agreement, or other applicable license agreement, including, 
without limitation, that your use is for the sole purpose of 
programming logic devices manufactured by Altera and sold by 
Altera or its authorized distributors.  Please refer to the 
applicable agreement for further details.



+--------------------------------------------------------------------------------------+
; Analysis & Synthesis Summary                                                         ;
+------------------------------------+-------------------------------------------------+
; Analysis & Synthesis Status        ; Successful - Mon Dec 02 10:15:37 2019           ;
; Quartus II 64-Bit Version          ; 13.0.1 Build 232 06/12/2013 SP 1 SJ Web Edition ;
; Revision Name                      ; Datapath                                        ;
; Top-level Entity Name              ; datapath                                        ;
; Family                             ; Cyclone II                                      ;
; Total logic elements               ; 0                                               ;
;     Total combinational functions  ; 0                                               ;
;     Dedicated logic registers      ; 0                                               ;
; Total registers                    ; 0                                               ;
; Total pins                         ; 20                                              ;
; Total virtual pins                 ; 0                                               ;
; Total memory bits                  ; 0                                               ;
; Embedded Multiplier 9-bit elements ; 0                                               ;
; Total PLLs                         ; 0                                               ;
+------------------------------------+-------------------------------------------------+


+----------------------------------------------------------------------------------------------------------------------+
; Analysis & Synthesis Settings                                                                                        ;
+----------------------------------------------------------------------------+--------------------+--------------------+
; Option                                                                     ; Setting            ; Default Value      ;
+----------------------------------------------------------------------------+--------------------+--------------------+
; Device                                                                     ; EP2C35F672C6       ;                    ;
; Top-level entity name                                                      ; Datapath           ; Datapath           ;
; Family name                                                                ; Cyclone II         ; Cyclone IV GX      ;
; Use smart compilation                                                      ; Off                ; Off                ;
; Enable parallel Assembler and TimeQuest Timing Analyzer during compilation ; On                 ; On                 ;
; Enable compact report table                                                ; Off                ; Off                ;
; Restructure Multiplexers                                                   ; Auto               ; Auto               ;
; Create Debugging Nodes for IP Cores                                        ; Off                ; Off                ;
; Preserve fewer node names                                                  ; On                 ; On                 ;
; Disable OpenCore Plus hardware evaluation                                  ; Off                ; Off                ;
; Verilog Version                                                            ; Verilog_2001       ; Verilog_2001       ;
; VHDL Version                                                               ; VHDL_1993          ; VHDL_1993          ;
; State Machine Processing                                                   ; Auto               ; Auto               ;
; Safe State Machine                                                         ; Off                ; Off                ;
; Extract Verilog State Machines                                             ; On                 ; On                 ;
; Extract VHDL State Machines                                                ; On                 ; On                 ;
; Ignore Verilog initial constructs                                          ; Off                ; Off                ;
; Iteration limit for constant Verilog loops                                 ; 5000               ; 5000               ;
; Iteration limit for non-constant Verilog loops                             ; 250                ; 250                ;
; Add Pass-Through Logic to Inferred RAMs                                    ; On                 ; On                 ;
; Infer RAMs from Raw Logic                                                  ; On                 ; On                 ;
; Parallel Synthesis                                                         ; On                 ; On                 ;
; DSP Block Balancing                                                        ; Auto               ; Auto               ;
; NOT Gate Push-Back                                                         ; On                 ; On                 ;
; Power-Up Don't Care                                                        ; On                 ; On                 ;
; Remove Redundant Logic Cells                                               ; Off                ; Off                ;
; Remove Duplicate Registers                                                 ; On                 ; On                 ;
; Ignore CARRY Buffers                                                       ; Off                ; Off                ;
; Ignore CASCADE Buffers                                                     ; Off                ; Off                ;
; Ignore GLOBAL Buffers                                                      ; Off                ; Off                ;
; Ignore ROW GLOBAL Buffers                                                  ; Off                ; Off                ;
; Ignore LCELL Buffers                                                       ; Off                ; Off                ;
; Ignore SOFT Buffers                                                        ; On                 ; On                 ;
; Limit AHDL Integers to 32 Bits                                             ; Off                ; Off                ;
; Optimization Technique                                                     ; Balanced           ; Balanced           ;
; Carry Chain Length                                                         ; 70                 ; 70                 ;
; Auto Carry Chains                                                          ; On                 ; On                 ;
; Auto Open-Drain Pins                                                       ; On                 ; On                 ;
; Perform WYSIWYG Primitive Resynthesis                                      ; Off                ; Off                ;
; Auto ROM Replacement                                                       ; On                 ; On                 ;
; Auto RAM Replacement                                                       ; On                 ; On                 ;
; Auto Shift Register Replacement                                            ; Auto               ; Auto               ;
; Allow Shift Register Merging across Hierarchies                            ; Auto               ; Auto               ;
; Auto Clock Enable Replacement                                              ; On                 ; On                 ;
; Strict RAM Replacement                                                     ; Off                ; Off                ;
; Allow Synchronous Control Signals                                          ; On                 ; On                 ;
; Force Use of Synchronous Clear Signals                                     ; Off                ; Off                ;
; Auto RAM to Logic Cell Conversion                                          ; Off                ; Off                ;
; Auto Resource Sharing                                                      ; Off                ; Off                ;
; Allow Any RAM Size For Recognition                                         ; Off                ; Off                ;
; Allow Any ROM Size For Recognition                                         ; Off                ; Off                ;
; Allow Any Shift Register Size For Recognition                              ; Off                ; Off                ;
; Use LogicLock Constraints during Resource Balancing                        ; On                 ; On                 ;
; Ignore translate_off and synthesis_off directives                          ; Off                ; Off                ;
; Timing-Driven Synthesis                                                    ; Off                ; Off                ;
; Report Parameter Settings                                                  ; On                 ; On                 ;
; Report Source Assignments                                                  ; On                 ; On                 ;
; Report Connectivity Checks                                                 ; On                 ; On                 ;
; Ignore Maximum Fan-Out Assignments                                         ; Off                ; Off                ;
; Synchronization Register Chain Length                                      ; 2                  ; 2                  ;
; PowerPlay Power Optimization                                               ; Normal compilation ; Normal compilation ;
; HDL message level                                                          ; Level2             ; Level2             ;
; Suppress Register Optimization Related Messages                            ; Off                ; Off                ;
; Number of Removed Registers Reported in Synthesis Report                   ; 5000               ; 5000               ;
; Number of Swept Nodes Reported in Synthesis Report                         ; 5000               ; 5000               ;
; Number of Inverted Registers Reported in Synthesis Report                  ; 100                ; 100                ;
; Clock MUX Protection                                                       ; On                 ; On                 ;
; Auto Gated Clock Conversion                                                ; Off                ; Off                ;
; Block Design Naming                                                        ; Auto               ; Auto               ;
; SDC constraint protection                                                  ; Off                ; Off                ;
; Synthesis Effort                                                           ; Auto               ; Auto               ;
; Shift Register Replacement - Allow Asynchronous Clear Signal               ; On                 ; On                 ;
; Pre-Mapping Resynthesis Optimization                                       ; Off                ; Off                ;
; Analysis & Synthesis Message Level                                         ; Medium             ; Medium             ;
; Disable Register Merging Across Hierarchies                                ; Auto               ; Auto               ;
; Resource Aware Inference For Block RAM                                     ; On                 ; On                 ;
; Synthesis Seed                                                             ; 1                  ; 1                  ;
+----------------------------------------------------------------------------+--------------------+--------------------+


Parallel compilation was disabled, but you have multiple processors available. Enable parallel compilation to reduce compilation time.
+-------------------------------------+
; Parallel Compilation                ;
+----------------------------+--------+
; Processors                 ; Number ;
+----------------------------+--------+
; Number detected on machine ; 4      ;
; Maximum allowed            ; 1      ;
+----------------------------+--------+


+--------------------------------------------------------------------------------------------------------------------------------------------------------------+
; Analysis & Synthesis Source Files Read                                                                                                                       ;
+----------------------------------+-----------------+-----------------------+-----------------------------------------------------------------------+---------+
; File Name with User-Entered Path ; Used in Netlist ; File Type             ; File Name with Absolute Path                                          ; Library ;
+----------------------------------+-----------------+-----------------------+-----------------------------------------------------------------------+---------+
; somador.vhd                      ; yes             ; User VHDL File        ; C:/Users/ALUNOS/Desktop/Projeto_AOC-master/Datapath/somador.vhd       ;         ;
; SignExtend.vhd                   ; yes             ; User VHDL File        ; C:/Users/ALUNOS/Desktop/Projeto_AOC-master/Datapath/SignExtend.vhd    ;         ;
; regW.vhd                         ; yes             ; User VHDL File        ; C:/Users/ALUNOS/Desktop/Projeto_AOC-master/Datapath/regW.vhd          ;         ;
; regPC.vhd                        ; yes             ; User VHDL File        ; C:/Users/ALUNOS/Desktop/Projeto_AOC-master/Datapath/regPC.vhd         ;         ;
; regE.vhd                         ; yes             ; User VHDL File        ; C:/Users/ALUNOS/Desktop/Projeto_AOC-master/Datapath/regE.vhd          ;         ;
; regD.vhd                         ; yes             ; User VHDL File        ; C:/Users/ALUNOS/Desktop/Projeto_AOC-master/Datapath/regD.vhd          ;         ;
; divisor_sinal.vhd                ; yes             ; User VHDL File        ; C:/Users/ALUNOS/Desktop/Projeto_AOC-master/Datapath/divisor_sinal.vhd ;         ;
; ALU.vhd                          ; yes             ; User VHDL File        ; C:/Users/ALUNOS/Desktop/Projeto_AOC-master/Datapath/ALU.vhd           ;         ;
; Datapath.vhd                     ; yes             ; User VHDL File        ; C:/Users/ALUNOS/Desktop/Projeto_AOC-master/Datapath/Datapath.vhd      ;         ;
; Mux2x1_32bits.vhd                ; yes             ; User VHDL File        ; C:/Users/ALUNOS/Desktop/Projeto_AOC-master/Datapath/Mux2x1_32bits.vhd ;         ;
; mux2x1_5bits.vhd                 ; yes             ; Auto-Found VHDL File  ; C:/Users/ALUNOS/Desktop/Projeto_AOC-master/Datapath/mux2x1_5bits.vhd  ;         ;
+----------------------------------+-----------------+-----------------------+-----------------------------------------------------------------------+---------+


+-----------------------------------------------------+
; Analysis & Synthesis Resource Usage Summary         ;
+---------------------------------------------+-------+
; Resource                                    ; Usage ;
+---------------------------------------------+-------+
;                                             ;       ;
; Total combinational functions               ; 0     ;
; Logic element usage by number of LUT inputs ;       ;
;     -- 4 input functions                    ; 0     ;
;     -- 3 input functions                    ; 0     ;
;     -- <=2 input functions                  ; 0     ;
;                                             ;       ;
; Logic elements by mode                      ;       ;
;     -- normal mode                          ; 0     ;
;     -- arithmetic mode                      ; 0     ;
;                                             ;       ;
; Total registers                             ; 0     ;
;     -- Dedicated logic registers            ; 0     ;
;     -- I/O registers                        ; 0     ;
;                                             ;       ;
; I/O pins                                    ; 20    ;
; Embedded Multiplier 9-bit elements          ; 0     ;
+---------------------------------------------+-------+


+-----------------------------------------------------------------------------------------------------------------------------------------------------------------------------+
; Analysis & Synthesis Resource Utilization by Entity                                                                                                                         ;
+----------------------------+-------------------+--------------+-------------+--------------+---------+-----------+------+--------------+---------------------+--------------+
; Compilation Hierarchy Node ; LC Combinationals ; LC Registers ; Memory Bits ; DSP Elements ; DSP 9x9 ; DSP 18x18 ; Pins ; Virtual Pins ; Full Hierarchy Name ; Library Name ;
+----------------------------+-------------------+--------------+-------------+--------------+---------+-----------+------+--------------+---------------------+--------------+
; |datapath                  ; 0 (0)             ; 0 (0)        ; 0           ; 0            ; 0       ; 0         ; 20   ; 0            ; |datapath           ; work         ;
+----------------------------+-------------------+--------------+-------------+--------------+---------+-----------+------+--------------+---------------------+--------------+
Note: For table entries with two numbers listed, the numbers in parentheses indicate the number of resources of the given type used by the specific entity alone. The numbers listed outside of parentheses indicate the total resources of the given type used by the specific entity and all of its sub-entities in the hierarchy.


+---------------------------------------------------------------------------------+
; Registers Removed During Synthesis                                              ;
+----------------------------------------+----------------------------------------+
; Register name                          ; Reason for Removal                     ;
+----------------------------------------+----------------------------------------+
; regD:Registrador_D|InstrD[0..5,26..31] ; Stuck at GND due to stuck port data_in ;
; Total Number of Removed Registers = 12 ;                                        ;
+----------------------------------------+----------------------------------------+


+------------------------------------------------------+
; General Register Statistics                          ;
+----------------------------------------------+-------+
; Statistic                                    ; Value ;
+----------------------------------------------+-------+
; Total registers                              ; 0     ;
; Number of registers using Synchronous Clear  ; 0     ;
; Number of registers using Synchronous Load   ; 0     ;
; Number of registers using Asynchronous Clear ; 0     ;
; Number of registers using Asynchronous Load  ; 0     ;
; Number of registers using Clock Enable       ; 0     ;
; Number of registers using Preset             ; 0     ;
+----------------------------------------------+-------+


+---------------------------------------------------------------------------------------------------------------------+
; Port Connectivity Checks: "regW:Registrador_W"                                                                      ;
+-----------+--------+----------+-------------------------------------------------------------------------------------+
; Port      ; Type   ; Severity ; Details                                                                             ;
+-----------+--------+----------+-------------------------------------------------------------------------------------+
; writeregw ; Output ; Info     ; Connected to dangling logic. Logic that only feeds a dangling port will be removed. ;
; regwritew ; Output ; Info     ; Connected to dangling logic. Logic that only feeds a dangling port will be removed. ;
+-----------+--------+----------+-------------------------------------------------------------------------------------+


+----------------------------------------------------------------------------------------------------------------+
; Port Connectivity Checks: "regE:Registrador_E"                                                                 ;
+------+--------+----------+-------------------------------------------------------------------------------------+
; Port ; Type   ; Severity ; Details                                                                             ;
+------+--------+----------+-------------------------------------------------------------------------------------+
; rse  ; Output ; Info     ; Connected to dangling logic. Logic that only feeds a dangling port will be removed. ;
+------+--------+----------+-------------------------------------------------------------------------------------+


+----------------------------------------------------------------------------------------------------------------+
; Port Connectivity Checks: "divisor_sinal:Divisor"                                                              ;
+------+--------+----------+-------------------------------------------------------------------------------------+
; Port ; Type   ; Severity ; Details                                                                             ;
+------+--------+----------+-------------------------------------------------------------------------------------+
; rsa1 ; Output ; Info     ; Connected to dangling logic. Logic that only feeds a dangling port will be removed. ;
; rta2 ; Output ; Info     ; Connected to dangling logic. Logic that only feeds a dangling port will be removed. ;
+------+--------+----------+-------------------------------------------------------------------------------------+


+---------------------------------------------------+
; Port Connectivity Checks: "somador:PC_incremento" ;
+------------+-------+----------+-------------------+
; Port       ; Type  ; Severity ; Details           ;
+------------+-------+----------+-------------------+
; in2[31..3] ; Input ; Info     ; Stuck at GND      ;
; in2[1..0]  ; Input ; Info     ; Stuck at GND      ;
; in2[2]     ; Input ; Info     ; Stuck at VCC      ;
+------------+-------+----------+-------------------+


+-------------------------------+
; Elapsed Time Per Partition    ;
+----------------+--------------+
; Partition Name ; Elapsed Time ;
+----------------+--------------+
; Top            ; 00:00:00     ;
+----------------+--------------+


+-------------------------------+
; Analysis & Synthesis Messages ;
+-------------------------------+
Info: *******************************************************************
Info: Running Quartus II 64-Bit Analysis & Synthesis
    Info: Version 13.0.1 Build 232 06/12/2013 Service Pack 1 SJ Web Edition
    Info: Processing started: Mon Dec 02 10:15:32 2019
Info: Command: quartus_map --read_settings_files=on --write_settings_files=off Datapath -c Datapath
Warning (20028): Parallel compilation is not licensed and has been disabled
Info (12021): Found 2 design units, including 1 entities, in source file somador.vhd
    Info (12022): Found design unit 1: somador-comportamento
    Info (12023): Found entity 1: somador
Info (12021): Found 2 design units, including 1 entities, in source file signextend.vhd
    Info (12022): Found design unit 1: SignExtend-struct
    Info (12023): Found entity 1: SignExtend
Info (12021): Found 2 design units, including 1 entities, in source file regw.vhd
    Info (12022): Found design unit 1: regW-comportamento
    Info (12023): Found entity 1: regW
Info (12021): Found 2 design units, including 1 entities, in source file regpc.vhd
    Info (12022): Found design unit 1: regPC-comportamento
    Info (12023): Found entity 1: regPC
Info (12021): Found 2 design units, including 1 entities, in source file rege.vhd
    Info (12022): Found design unit 1: regE-comportamento
    Info (12023): Found entity 1: regE
Info (12021): Found 2 design units, including 1 entities, in source file regd.vhd
    Info (12022): Found design unit 1: regD-comportamento
    Info (12023): Found entity 1: regD
Warning (12019): Can't analyze file -- file Mux1b.vhd is missing
Info (12021): Found 2 design units, including 1 entities, in source file divisor_sinal.vhd
    Info (12022): Found design unit 1: divisor_sinal-comportamento
    Info (12023): Found entity 1: divisor_sinal
Info (12021): Found 2 design units, including 1 entities, in source file alu.vhd
    Info (12022): Found design unit 1: ALU-comportamento
    Info (12023): Found entity 1: ALU
Info (12021): Found 2 design units, including 1 entities, in source file datapath.vhd
    Info (12022): Found design unit 1: datapath-struct
    Info (12023): Found entity 1: datapath
Info (12021): Found 2 design units, including 1 entities, in source file mux2x1_32bits.vhd
    Info (12022): Found design unit 1: Mux2x1_32bits-Logic
    Info (12023): Found entity 1: Mux2x1_32bits
Info (12127): Elaborating entity "Datapath" for the top level hierarchy
Warning (10541): VHDL Signal Declaration warning at Datapath.vhd(144): used implicit default value for signal "RD" because signal was never assigned a value or an explicit default value. Use of implicit default value may introduce unintended design optimizations.
Warning (10541): VHDL Signal Declaration warning at Datapath.vhd(145): used implicit default value for signal "RD1" because signal was never assigned a value or an explicit default value. Use of implicit default value may introduce unintended design optimizations.
Warning (10541): VHDL Signal Declaration warning at Datapath.vhd(145): used implicit default value for signal "RD2" because signal was never assigned a value or an explicit default value. Use of implicit default value may introduce unintended design optimizations.
Warning (10036): Verilog HDL or VHDL warning at Datapath.vhd(148): object "RsA1" assigned a value but never read
Warning (10036): Verilog HDL or VHDL warning at Datapath.vhd(148): object "RtA2" assigned a value but never read
Warning (10036): Verilog HDL or VHDL warning at Datapath.vhd(151): object "RsE" assigned a value but never read
Warning (10036): Verilog HDL or VHDL warning at Datapath.vhd(152): object "RegWriteW" assigned a value but never read
Warning (10036): Verilog HDL or VHDL warning at Datapath.vhd(155): object "WriteRegW" assigned a value but never read
Info (12128): Elaborating entity "regPC" for hierarchy "regPC:Registrador_PC"
Info (12128): Elaborating entity "somador" for hierarchy "somador:PC_incremento"
Info (12128): Elaborating entity "regD" for hierarchy "regD:Registrador_D"
Info (12128): Elaborating entity "divisor_sinal" for hierarchy "divisor_sinal:Divisor"
Info (12128): Elaborating entity "SignExtend" for hierarchy "SignExtend:Extensao_de_sinal"
Info (12128): Elaborating entity "regE" for hierarchy "regE:Registrador_E"
Warning (12125): Using design file mux2x1_5bits.vhd, which is not specified as a design file for the current project, but contains definitions for 2 design units and 1 entities in project
    Info (12022): Found design unit 1: Mux2x1_5bits-Logic
    Info (12023): Found entity 1: Mux2x1_5bits
Info (12128): Elaborating entity "Mux2x1_5bits" for hierarchy "Mux2x1_5bits:Mux1"
Info (12128): Elaborating entity "Mux2x1_32bits" for hierarchy "Mux2x1_32bits:Mux2"
Info (12128): Elaborating entity "ALU" for hierarchy "ALU:ALU_1"
Info (12128): Elaborating entity "regW" for hierarchy "regW:Registrador_W"
Warning (13024): Output pins are stuck at VCC or GND
    Warning (13410): Pin "Op[0]" is stuck at GND
    Warning (13410): Pin "Op[1]" is stuck at GND
    Warning (13410): Pin "Op[2]" is stuck at GND
    Warning (13410): Pin "Op[3]" is stuck at GND
    Warning (13410): Pin "Op[4]" is stuck at GND
    Warning (13410): Pin "Op[5]" is stuck at GND
    Warning (13410): Pin "Funct[0]" is stuck at GND
    Warning (13410): Pin "Funct[1]" is stuck at GND
    Warning (13410): Pin "Funct[2]" is stuck at GND
    Warning (13410): Pin "Funct[3]" is stuck at GND
    Warning (13410): Pin "Funct[4]" is stuck at GND
    Warning (13410): Pin "Funct[5]" is stuck at GND
Info (16010): Generating hard_block partition "hard_block:auto_generated_inst"
    Info (16011): Adding 0 node(s), including 0 DDIO, 0 PLL, 0 transceiver and 0 LCELL
Warning (21074): Design contains 8 input pin(s) that do not drive logic
    Warning (15610): No output dependent on input pin "clk"
    Warning (15610): No output dependent on input pin "RegDst"
    Warning (15610): No output dependent on input pin "ALUSrc"
    Warning (15610): No output dependent on input pin "RegWrite"
    Warning (15610): No output dependent on input pin "AlUControl[0]"
    Warning (15610): No output dependent on input pin "AlUControl[1]"
    Warning (15610): No output dependent on input pin "FowardAE"
    Warning (15610): No output dependent on input pin "FowardBE"
Info (21057): Implemented 20 device resources after synthesis - the final resource count might be different
    Info (21058): Implemented 8 input pins
    Info (21059): Implemented 12 output pins
Info: Quartus II 64-Bit Analysis & Synthesis was successful. 0 errors, 33 warnings
    Info: Peak virtual memory: 491 megabytes
    Info: Processing ended: Mon Dec 02 10:15:38 2019
    Info: Elapsed time: 00:00:06
    Info: Total CPU time (on all processors): 00:00:05


