Analysis & Synthesis report for processador
Fri Dec 06 13:08:10 2019
Quartus II 64-Bit Version 13.0.1 Build 232 06/12/2013 Service Pack 1 SJ Web Edition


---------------------
; Table of Contents ;
---------------------
  1. Legal Notice
  2. Analysis & Synthesis Summary
  3. Analysis & Synthesis Settings
  4. Parallel Compilation
  5. Analysis & Synthesis Source Files Read
  6. Analysis & Synthesis Resource Usage Summary
  7. Analysis & Synthesis Resource Utilization by Entity
  8. Analysis & Synthesis RAM Summary
  9. Registers Removed During Synthesis
 10. General Register Statistics
 11. Inverted Register Statistics
 12. Registers Packed Into Inferred Megafunctions
 13. Multiplexer Restructuring Statistics (Restructuring Performed)
 14. Source assignments for register_file:instancia_reg_file|altsyncram:registers_rtl_0|altsyncram_bqh1:auto_generated
 15. Source assignments for register_file:instancia_reg_file|altsyncram:registers_rtl_1|altsyncram_bqh1:auto_generated
 16. Parameter Settings for Inferred Entity Instance: register_file:instancia_reg_file|altsyncram:registers_rtl_0
 17. Parameter Settings for Inferred Entity Instance: register_file:instancia_reg_file|altsyncram:registers_rtl_1
 18. altsyncram Parameter Settings by Entity Instance
 19. Port Connectivity Checks: "somador:instancia_soamador"
 20. Elapsed Time Per Partition
 21. Analysis & Synthesis Messages



----------------
; Legal Notice ;
----------------
Copyright (C) 1991-2013 Altera Corporation
Your use of Altera Corporation's design tools, logic functions 
and other software and tools, and its AMPP partner logic 
functions, and any output files from any of the foregoing 
(including device programming or simulation files), and any 
associated documentation or information are expressly subject 
to the terms and conditions of the Altera Program License 
Subscription Agreement, Altera MegaCore Function License 
Agreement, or other applicable license agreement, including, 
without limitation, that your use is for the sole purpose of 
programming logic devices manufactured by Altera and sold by 
Altera or its authorized distributors.  Please refer to the 
applicable agreement for further details.



+--------------------------------------------------------------------------------------+
; Analysis & Synthesis Summary                                                         ;
+------------------------------------+-------------------------------------------------+
; Analysis & Synthesis Status        ; Successful - Fri Dec 06 13:08:10 2019           ;
; Quartus II 64-Bit Version          ; 13.0.1 Build 232 06/12/2013 SP 1 SJ Web Edition ;
; Revision Name                      ; processador                                     ;
; Top-level Entity Name              ; processador                                     ;
; Family                             ; Cyclone II                                      ;
; Total logic elements               ; 338                                             ;
;     Total combinational functions  ; 283                                             ;
;     Dedicated logic registers      ; 131                                             ;
; Total registers                    ; 131                                             ;
; Total pins                         ; 103                                             ;
; Total virtual pins                 ; 0                                               ;
; Total memory bits                  ; 2,048                                           ;
; Embedded Multiplier 9-bit elements ; 0                                               ;
; Total PLLs                         ; 0                                               ;
+------------------------------------+-------------------------------------------------+


+----------------------------------------------------------------------------------------------------------------------+
; Analysis & Synthesis Settings                                                                                        ;
+----------------------------------------------------------------------------+--------------------+--------------------+
; Option                                                                     ; Setting            ; Default Value      ;
+----------------------------------------------------------------------------+--------------------+--------------------+
; Device                                                                     ; EP2C70F672C6       ;                    ;
; Top-level entity name                                                      ; processador        ; processador        ;
; Family name                                                                ; Cyclone II         ; Cyclone IV GX      ;
; Use smart compilation                                                      ; Off                ; Off                ;
; Enable parallel Assembler and TimeQuest Timing Analyzer during compilation ; On                 ; On                 ;
; Enable compact report table                                                ; Off                ; Off                ;
; Restructure Multiplexers                                                   ; Auto               ; Auto               ;
; Create Debugging Nodes for IP Cores                                        ; Off                ; Off                ;
; Preserve fewer node names                                                  ; On                 ; On                 ;
; Disable OpenCore Plus hardware evaluation                                  ; Off                ; Off                ;
; Verilog Version                                                            ; Verilog_2001       ; Verilog_2001       ;
; VHDL Version                                                               ; VHDL_1993          ; VHDL_1993          ;
; State Machine Processing                                                   ; Auto               ; Auto               ;
; Safe State Machine                                                         ; Off                ; Off                ;
; Extract Verilog State Machines                                             ; On                 ; On                 ;
; Extract VHDL State Machines                                                ; On                 ; On                 ;
; Ignore Verilog initial constructs                                          ; Off                ; Off                ;
; Iteration limit for constant Verilog loops                                 ; 5000               ; 5000               ;
; Iteration limit for non-constant Verilog loops                             ; 250                ; 250                ;
; Add Pass-Through Logic to Inferred RAMs                                    ; On                 ; On                 ;
; Infer RAMs from Raw Logic                                                  ; On                 ; On                 ;
; Parallel Synthesis                                                         ; On                 ; On                 ;
; DSP Block Balancing                                                        ; Auto               ; Auto               ;
; NOT Gate Push-Back                                                         ; On                 ; On                 ;
; Power-Up Don't Care                                                        ; On                 ; On                 ;
; Remove Redundant Logic Cells                                               ; Off                ; Off                ;
; Remove Duplicate Registers                                                 ; On                 ; On                 ;
; Ignore CARRY Buffers                                                       ; Off                ; Off                ;
; Ignore CASCADE Buffers                                                     ; Off                ; Off                ;
; Ignore GLOBAL Buffers                                                      ; Off                ; Off                ;
; Ignore ROW GLOBAL Buffers                                                  ; Off                ; Off                ;
; Ignore LCELL Buffers                                                       ; Off                ; Off                ;
; Ignore SOFT Buffers                                                        ; On                 ; On                 ;
; Limit AHDL Integers to 32 Bits                                             ; Off                ; Off                ;
; Optimization Technique                                                     ; Balanced           ; Balanced           ;
; Carry Chain Length                                                         ; 70                 ; 70                 ;
; Auto Carry Chains                                                          ; On                 ; On                 ;
; Auto Open-Drain Pins                                                       ; On                 ; On                 ;
; Perform WYSIWYG Primitive Resynthesis                                      ; Off                ; Off                ;
; Auto ROM Replacement                                                       ; On                 ; On                 ;
; Auto RAM Replacement                                                       ; On                 ; On                 ;
; Auto Shift Register Replacement                                            ; Auto               ; Auto               ;
; Allow Shift Register Merging across Hierarchies                            ; Auto               ; Auto               ;
; Auto Clock Enable Replacement                                              ; On                 ; On                 ;
; Strict RAM Replacement                                                     ; Off                ; Off                ;
; Allow Synchronous Control Signals                                          ; On                 ; On                 ;
; Force Use of Synchronous Clear Signals                                     ; Off                ; Off                ;
; Auto RAM to Logic Cell Conversion                                          ; Off                ; Off                ;
; Auto Resource Sharing                                                      ; Off                ; Off                ;
; Allow Any RAM Size For Recognition                                         ; Off                ; Off                ;
; Allow Any ROM Size For Recognition                                         ; Off                ; Off                ;
; Allow Any Shift Register Size For Recognition                              ; Off                ; Off                ;
; Use LogicLock Constraints during Resource Balancing                        ; On                 ; On                 ;
; Ignore translate_off and synthesis_off directives                          ; Off                ; Off                ;
; Timing-Driven Synthesis                                                    ; Off                ; Off                ;
; Report Parameter Settings                                                  ; On                 ; On                 ;
; Report Source Assignments                                                  ; On                 ; On                 ;
; Report Connectivity Checks                                                 ; On                 ; On                 ;
; Ignore Maximum Fan-Out Assignments                                         ; Off                ; Off                ;
; Synchronization Register Chain Length                                      ; 2                  ; 2                  ;
; PowerPlay Power Optimization                                               ; Normal compilation ; Normal compilation ;
; HDL message level                                                          ; Level2             ; Level2             ;
; Suppress Register Optimization Related Messages                            ; Off                ; Off                ;
; Number of Removed Registers Reported in Synthesis Report                   ; 5000               ; 5000               ;
; Number of Swept Nodes Reported in Synthesis Report                         ; 5000               ; 5000               ;
; Number of Inverted Registers Reported in Synthesis Report                  ; 100                ; 100                ;
; Clock MUX Protection                                                       ; On                 ; On                 ;
; Auto Gated Clock Conversion                                                ; Off                ; Off                ;
; Block Design Naming                                                        ; Auto               ; Auto               ;
; SDC constraint protection                                                  ; Off                ; Off                ;
; Synthesis Effort                                                           ; Auto               ; Auto               ;
; Shift Register Replacement - Allow Asynchronous Clear Signal               ; On                 ; On                 ;
; Pre-Mapping Resynthesis Optimization                                       ; Off                ; Off                ;
; Analysis & Synthesis Message Level                                         ; Medium             ; Medium             ;
; Disable Register Merging Across Hierarchies                                ; Auto               ; Auto               ;
; Resource Aware Inference For Block RAM                                     ; On                 ; On                 ;
; Synthesis Seed                                                             ; 1                  ; 1                  ;
+----------------------------------------------------------------------------+--------------------+--------------------+


Parallel compilation was disabled, but you have multiple processors available. Enable parallel compilation to reduce compilation time.
+-------------------------------------+
; Parallel Compilation                ;
+----------------------------+--------+
; Processors                 ; Number ;
+----------------------------+--------+
; Number detected on machine ; 4      ;
; Maximum allowed            ; 1      ;
+----------------------------+--------+


+-----------------------------------------------------------------------------------------------------------------------------------------------------------------------------------------------------------------------------------------------------+
; Analysis & Synthesis Source Files Read                                                                                                                                                                                                              ;
+----------------------------------------------------+-----------------+-------------------------------------------------------+------------------------------------------------------------------------------------------------------------+---------+
; File Name with User-Entered Path                   ; Used in Netlist ; File Type                                             ; File Name with Absolute Path                                                                               ; Library ;
+----------------------------------------------------+-----------------+-------------------------------------------------------+------------------------------------------------------------------------------------------------------------+---------+
; register_file.vhd                                  ; yes             ; User VHDL File                                        ; C:/Users/felip/Documents/GitHub/Projeto_AOC/processador/register_file.vhd                                  ;         ;
; somador.vhd                                        ; yes             ; User VHDL File                                        ; C:/Users/felip/Documents/GitHub/Projeto_AOC/processador/somador.vhd                                        ;         ;
; SignExtend.vhd                                     ; yes             ; User VHDL File                                        ; C:/Users/felip/Documents/GitHub/Projeto_AOC/processador/SignExtend.vhd                                     ;         ;
; regW.vhd                                           ; yes             ; User VHDL File                                        ; C:/Users/felip/Documents/GitHub/Projeto_AOC/processador/regW.vhd                                           ;         ;
; regPC.vhd                                          ; yes             ; User VHDL File                                        ; C:/Users/felip/Documents/GitHub/Projeto_AOC/processador/regPC.vhd                                          ;         ;
; regE.vhd                                           ; yes             ; User VHDL File                                        ; C:/Users/felip/Documents/GitHub/Projeto_AOC/processador/regE.vhd                                           ;         ;
; regD.vhd                                           ; yes             ; User VHDL File                                        ; C:/Users/felip/Documents/GitHub/Projeto_AOC/processador/regD.vhd                                           ;         ;
; Mux2x1_32bits.vhd                                  ; yes             ; User VHDL File                                        ; C:/Users/felip/Documents/GitHub/Projeto_AOC/processador/Mux2x1_32bits.vhd                                  ;         ;
; Mux2x1_5bits.vhd                                   ; yes             ; User VHDL File                                        ; C:/Users/felip/Documents/GitHub/Projeto_AOC/processador/Mux2x1_5bits.vhd                                   ;         ;
; Hazard.vhd                                         ; yes             ; User VHDL File                                        ; C:/Users/felip/Documents/GitHub/Projeto_AOC/processador/Hazard.vhd                                         ;         ;
; divisor_sinal.vhd                                  ; yes             ; User VHDL File                                        ; C:/Users/felip/Documents/GitHub/Projeto_AOC/processador/divisor_sinal.vhd                                  ;         ;
; Control.vhd                                        ; yes             ; User VHDL File                                        ; C:/Users/felip/Documents/GitHub/Projeto_AOC/processador/Control.vhd                                        ;         ;
; ALU.vhd                                            ; yes             ; User VHDL File                                        ; C:/Users/felip/Documents/GitHub/Projeto_AOC/processador/ALU.vhd                                            ;         ;
; processador.vhd                                    ; yes             ; User VHDL File                                        ; C:/Users/felip/Documents/GitHub/Projeto_AOC/processador/processador.vhd                                    ;         ;
; altsyncram.tdf                                     ; yes             ; Megafunction                                          ; c:/altera/13.0sp1/quartus/libraries/megafunctions/altsyncram.tdf                                           ;         ;
; stratix_ram_block.inc                              ; yes             ; Megafunction                                          ; c:/altera/13.0sp1/quartus/libraries/megafunctions/stratix_ram_block.inc                                    ;         ;
; lpm_mux.inc                                        ; yes             ; Megafunction                                          ; c:/altera/13.0sp1/quartus/libraries/megafunctions/lpm_mux.inc                                              ;         ;
; lpm_decode.inc                                     ; yes             ; Megafunction                                          ; c:/altera/13.0sp1/quartus/libraries/megafunctions/lpm_decode.inc                                           ;         ;
; aglobal130.inc                                     ; yes             ; Megafunction                                          ; c:/altera/13.0sp1/quartus/libraries/megafunctions/aglobal130.inc                                           ;         ;
; a_rdenreg.inc                                      ; yes             ; Megafunction                                          ; c:/altera/13.0sp1/quartus/libraries/megafunctions/a_rdenreg.inc                                            ;         ;
; altrom.inc                                         ; yes             ; Megafunction                                          ; c:/altera/13.0sp1/quartus/libraries/megafunctions/altrom.inc                                               ;         ;
; altram.inc                                         ; yes             ; Megafunction                                          ; c:/altera/13.0sp1/quartus/libraries/megafunctions/altram.inc                                               ;         ;
; altdpram.inc                                       ; yes             ; Megafunction                                          ; c:/altera/13.0sp1/quartus/libraries/megafunctions/altdpram.inc                                             ;         ;
; db/altsyncram_bqh1.tdf                             ; yes             ; Auto-Generated Megafunction                           ; C:/Users/felip/Documents/GitHub/Projeto_AOC/processador/db/altsyncram_bqh1.tdf                             ;         ;
; db/processador.ram0_register_file_87c776fc.hdl.mif ; yes             ; Auto-Generated Auto-Found Memory Initialization File  ; C:/Users/felip/Documents/GitHub/Projeto_AOC/processador/db/processador.ram0_register_file_87c776fc.hdl.mif ;         ;
+----------------------------------------------------+-----------------+-------------------------------------------------------+------------------------------------------------------------------------------------------------------------+---------+


+-----------------------------------------------------+
; Analysis & Synthesis Resource Usage Summary         ;
+---------------------------------------------+-------+
; Resource                                    ; Usage ;
+---------------------------------------------+-------+
; Estimated Total logic elements              ; 338   ;
;                                             ;       ;
; Total combinational functions               ; 283   ;
; Logic element usage by number of LUT inputs ;       ;
;     -- 4 input functions                    ; 128   ;
;     -- 3 input functions                    ; 119   ;
;     -- <=2 input functions                  ; 36    ;
;                                             ;       ;
; Logic elements by mode                      ;       ;
;     -- normal mode                          ; 193   ;
;     -- arithmetic mode                      ; 90    ;
;                                             ;       ;
; Total registers                             ; 131   ;
;     -- Dedicated logic registers            ; 131   ;
;     -- I/O registers                        ; 0     ;
;                                             ;       ;
; I/O pins                                    ; 103   ;
; Total memory bits                           ; 2048  ;
; Embedded Multiplier 9-bit elements          ; 0     ;
; Maximum fan-out node                        ; clock ;
; Maximum fan-out                             ; 195   ;
; Total fan-out                               ; 2097  ;
; Average fan-out                             ; 3.61  ;
+---------------------------------------------+-------+


+--------------------------------------------------------------------------------------------------------------------------------------------------------------------------------------------------------------------------------------------------------------------------------+
; Analysis & Synthesis Resource Utilization by Entity                                                                                                                                                                                                                            ;
+-------------------------------------------+-------------------+--------------+-------------+--------------+---------+-----------+------+--------------+---------------------------------------------------------------------------------------------------------+--------------+
; Compilation Hierarchy Node                ; LC Combinationals ; LC Registers ; Memory Bits ; DSP Elements ; DSP 9x9 ; DSP 18x18 ; Pins ; Virtual Pins ; Full Hierarchy Name                                                                                     ; Library Name ;
+-------------------------------------------+-------------------+--------------+-------------+--------------+---------+-----------+------+--------------+---------------------------------------------------------------------------------------------------------+--------------+
; |processador                              ; 283 (0)           ; 131 (0)      ; 2048        ; 0            ; 0       ; 0         ; 103  ; 0            ; |processador                                                                                            ; work         ;
;    |ALU:instancia_ALU|                    ; 128 (128)         ; 0 (0)        ; 0           ; 0            ; 0       ; 0         ; 0    ; 0            ; |processador|ALU:instancia_ALU                                                                          ; work         ;
;    |Control:instancia_control|            ; 9 (9)             ; 0 (0)        ; 0           ; 0            ; 0       ; 0         ; 0    ; 0            ; |processador|Control:instancia_control                                                                  ; work         ;
;    |Hazard:instancia_Hazard|              ; 10 (10)           ; 0 (0)        ; 0           ; 0            ; 0       ; 0         ; 0    ; 0            ; |processador|Hazard:instancia_Hazard                                                                    ; work         ;
;    |Mux2x1_32bits:instancia_mux_ForwardA| ; 32 (32)           ; 0 (0)        ; 0           ; 0            ; 0       ; 0         ; 0    ; 0            ; |processador|Mux2x1_32bits:instancia_mux_ForwardA                                                       ; work         ;
;    |Mux2x1_32bits:instancia_mux_imm|      ; 65 (65)           ; 0 (0)        ; 0           ; 0            ; 0       ; 0         ; 0    ; 0            ; |processador|Mux2x1_32bits:instancia_mux_imm                                                            ; work         ;
;    |Mux2x1_5bits:instancia_mux5bits|      ; 5 (5)             ; 0 (0)        ; 0           ; 0            ; 0       ; 0         ; 0    ; 0            ; |processador|Mux2x1_5bits:instancia_mux5bits                                                            ; work         ;
;    |regD:instancia_regD|                  ; 4 (4)             ; 32 (32)      ; 0           ; 0            ; 0       ; 0         ; 0    ; 0            ; |processador|regD:instancia_regD                                                                        ; work         ;
;    |regE:instancia_regE|                  ; 0 (0)             ; 31 (31)      ; 0           ; 0            ; 0       ; 0         ; 0    ; 0            ; |processador|regE:instancia_regE                                                                        ; work         ;
;    |regPC:instancia_regPC|                ; 30 (30)           ; 30 (30)      ; 0           ; 0            ; 0       ; 0         ; 0    ; 0            ; |processador|regPC:instancia_regPC                                                                      ; work         ;
;    |regW:instancia_regW|                  ; 0 (0)             ; 38 (38)      ; 0           ; 0            ; 0       ; 0         ; 0    ; 0            ; |processador|regW:instancia_regW                                                                        ; work         ;
;    |register_file:instancia_reg_file|     ; 0 (0)             ; 0 (0)        ; 2048        ; 0            ; 0       ; 0         ; 0    ; 0            ; |processador|register_file:instancia_reg_file                                                           ; work         ;
;       |altsyncram:registers_rtl_0|        ; 0 (0)             ; 0 (0)        ; 1024        ; 0            ; 0       ; 0         ; 0    ; 0            ; |processador|register_file:instancia_reg_file|altsyncram:registers_rtl_0                                ; work         ;
;          |altsyncram_bqh1:auto_generated| ; 0 (0)             ; 0 (0)        ; 1024        ; 0            ; 0       ; 0         ; 0    ; 0            ; |processador|register_file:instancia_reg_file|altsyncram:registers_rtl_0|altsyncram_bqh1:auto_generated ; work         ;
;       |altsyncram:registers_rtl_1|        ; 0 (0)             ; 0 (0)        ; 1024        ; 0            ; 0       ; 0         ; 0    ; 0            ; |processador|register_file:instancia_reg_file|altsyncram:registers_rtl_1                                ; work         ;
;          |altsyncram_bqh1:auto_generated| ; 0 (0)             ; 0 (0)        ; 1024        ; 0            ; 0       ; 0         ; 0    ; 0            ; |processador|register_file:instancia_reg_file|altsyncram:registers_rtl_1|altsyncram_bqh1:auto_generated ; work         ;
+-------------------------------------------+-------------------+--------------+-------------+--------------+---------+-----------+------+--------------+---------------------------------------------------------------------------------------------------------+--------------+
Note: For table entries with two numbers listed, the numbers in parentheses indicate the number of resources of the given type used by the specific entity alone. The numbers listed outside of parentheses indicate the total resources of the given type used by the specific entity and all of its sub-entities in the hierarchy.


+---------------------------------------------------------------------------------------------------------------------------------------------------------------------------------------------------------------------------------------------------------+
; Analysis & Synthesis RAM Summary                                                                                                                                                                                                                        ;
+-------------------------------------------------------------------------------------------------------+------+------------------+--------------+--------------+--------------+--------------+------+----------------------------------------------------+
; Name                                                                                                  ; Type ; Mode             ; Port A Depth ; Port A Width ; Port B Depth ; Port B Width ; Size ; MIF                                                ;
+-------------------------------------------------------------------------------------------------------+------+------------------+--------------+--------------+--------------+--------------+------+----------------------------------------------------+
; register_file:instancia_reg_file|altsyncram:registers_rtl_0|altsyncram_bqh1:auto_generated|ALTSYNCRAM ; AUTO ; Simple Dual Port ; 32           ; 32           ; 32           ; 32           ; 1024 ; db/processador.ram0_register_file_87c776fc.hdl.mif ;
; register_file:instancia_reg_file|altsyncram:registers_rtl_1|altsyncram_bqh1:auto_generated|ALTSYNCRAM ; AUTO ; Simple Dual Port ; 32           ; 32           ; 32           ; 32           ; 1024 ; db/processador.ram0_register_file_87c776fc.hdl.mif ;
+-------------------------------------------------------------------------------------------------------+------+------------------+--------------+--------------+--------------+--------------+------+----------------------------------------------------+


+---------------------------------------------------------------------------------------+
; Registers Removed During Synthesis                                                    ;
+----------------------------------------+----------------------------------------------+
; Register name                          ; Reason for Removal                           ;
+----------------------------------------+----------------------------------------------+
; regE:instancia_regE|RdE[0]             ; Merged with regE:instancia_regE|SignImmE[11] ;
; regE:instancia_regE|RdE[1]             ; Merged with regE:instancia_regE|SignImmE[12] ;
; regE:instancia_regE|RdE[2]             ; Merged with regE:instancia_regE|SignImmE[13] ;
; regE:instancia_regE|RdE[3]             ; Merged with regE:instancia_regE|SignImmE[14] ;
; regE:instancia_regE|SignImmE[16..31]   ; Merged with regE:instancia_regE|SignImmE[15] ;
; regE:instancia_regE|RdE[4]             ; Merged with regE:instancia_regE|SignImmE[15] ;
; regPC:instancia_regPC|saida[1]         ; Merged with regPC:instancia_regPC|saida[0]   ;
; regPC:instancia_regPC|saida[0]         ; Stuck at GND due to stuck port data_in       ;
; Total Number of Removed Registers = 23 ;                                              ;
+----------------------------------------+----------------------------------------------+


+------------------------------------------------------+
; General Register Statistics                          ;
+----------------------------------------------+-------+
; Statistic                                    ; Value ;
+----------------------------------------------+-------+
; Total registers                              ; 131   ;
; Number of registers using Synchronous Clear  ; 0     ;
; Number of registers using Synchronous Load   ; 0     ;
; Number of registers using Asynchronous Clear ; 0     ;
; Number of registers using Asynchronous Load  ; 0     ;
; Number of registers using Clock Enable       ; 0     ;
; Number of registers using Preset             ; 0     ;
+----------------------------------------------+-------+


+--------------------------------------------------+
; Inverted Register Statistics                     ;
+----------------------------------------+---------+
; Inverted Register                      ; Fan out ;
+----------------------------------------+---------+
; regD:instancia_regD|InstrD[31]         ; 3       ;
; regD:instancia_regD|InstrD[28]         ; 1       ;
; regD:instancia_regD|InstrD[30]         ; 1       ;
; regD:instancia_regD|InstrD[29]         ; 2       ;
; Total number of inverted registers = 4 ;         ;
+----------------------------------------+---------+


+-------------------------------------------------------------------------------------------+
; Registers Packed Into Inferred Megafunctions                                              ;
+---------------------------------+--------------------------------------------------+------+
; Register Name                   ; Megafunction                                     ; Type ;
+---------------------------------+--------------------------------------------------+------+
; regE:instancia_regE|RD1s[0..31] ; register_file:instancia_reg_file|registers_rtl_0 ; RAM  ;
; regE:instancia_regE|RD2s[0..31] ; register_file:instancia_reg_file|registers_rtl_1 ; RAM  ;
+---------------------------------+--------------------------------------------------+------+


+----------------------------------------------------------------------------------------------------------------------------------------------------------------------+
; Multiplexer Restructuring Statistics (Restructuring Performed)                                                                                                       ;
+--------------------+-----------+---------------+----------------------+------------------------+------------+--------------------------------------------------------+
; Multiplexer Inputs ; Bus Width ; Baseline Area ; Area if Restructured ; Saving if Restructured ; Registered ; Example Multiplexer Output                             ;
+--------------------+-----------+---------------+----------------------+------------------------+------------+--------------------------------------------------------+
; 4:1                ; 32 bits   ; 64 LEs        ; 64 LEs               ; 0 LEs                  ; Yes        ; |processador|regW:instancia_regW|ALUOutW[27]           ;
; 3:1                ; 32 bits   ; 64 LEs        ; 64 LEs               ; 0 LEs                  ; No         ; |processador|Mux2x1_32bits:instancia_mux_imm|outMux[8] ;
+--------------------+-----------+---------------+----------------------+------------------------+------------+--------------------------------------------------------+


+-------------------------------------------------------------------------------------------------------------------+
; Source assignments for register_file:instancia_reg_file|altsyncram:registers_rtl_0|altsyncram_bqh1:auto_generated ;
+---------------------------------+--------------------+------+-----------------------------------------------------+
; Assignment                      ; Value              ; From ; To                                                  ;
+---------------------------------+--------------------+------+-----------------------------------------------------+
; OPTIMIZE_POWER_DURING_SYNTHESIS ; NORMAL_COMPILATION ; -    ; -                                                   ;
+---------------------------------+--------------------+------+-----------------------------------------------------+


+-------------------------------------------------------------------------------------------------------------------+
; Source assignments for register_file:instancia_reg_file|altsyncram:registers_rtl_1|altsyncram_bqh1:auto_generated ;
+---------------------------------+--------------------+------+-----------------------------------------------------+
; Assignment                      ; Value              ; From ; To                                                  ;
+---------------------------------+--------------------+------+-----------------------------------------------------+
; OPTIMIZE_POWER_DURING_SYNTHESIS ; NORMAL_COMPILATION ; -    ; -                                                   ;
+---------------------------------+--------------------+------+-----------------------------------------------------+


+--------------------------------------------------------------------------------------------------------------+
; Parameter Settings for Inferred Entity Instance: register_file:instancia_reg_file|altsyncram:registers_rtl_0 ;
+------------------------------------+----------------------------------------------------+--------------------+
; Parameter Name                     ; Value                                              ; Type               ;
+------------------------------------+----------------------------------------------------+--------------------+
; BYTE_SIZE_BLOCK                    ; 8                                                  ; Untyped            ;
; AUTO_CARRY_CHAINS                  ; ON                                                 ; AUTO_CARRY         ;
; IGNORE_CARRY_BUFFERS               ; OFF                                                ; IGNORE_CARRY       ;
; AUTO_CASCADE_CHAINS                ; ON                                                 ; AUTO_CASCADE       ;
; IGNORE_CASCADE_BUFFERS             ; OFF                                                ; IGNORE_CASCADE     ;
; WIDTH_BYTEENA                      ; 1                                                  ; Untyped            ;
; OPERATION_MODE                     ; DUAL_PORT                                          ; Untyped            ;
; WIDTH_A                            ; 32                                                 ; Untyped            ;
; WIDTHAD_A                          ; 5                                                  ; Untyped            ;
; NUMWORDS_A                         ; 32                                                 ; Untyped            ;
; OUTDATA_REG_A                      ; UNREGISTERED                                       ; Untyped            ;
; ADDRESS_ACLR_A                     ; NONE                                               ; Untyped            ;
; OUTDATA_ACLR_A                     ; NONE                                               ; Untyped            ;
; WRCONTROL_ACLR_A                   ; NONE                                               ; Untyped            ;
; INDATA_ACLR_A                      ; NONE                                               ; Untyped            ;
; BYTEENA_ACLR_A                     ; NONE                                               ; Untyped            ;
; WIDTH_B                            ; 32                                                 ; Untyped            ;
; WIDTHAD_B                          ; 5                                                  ; Untyped            ;
; NUMWORDS_B                         ; 32                                                 ; Untyped            ;
; INDATA_REG_B                       ; CLOCK1                                             ; Untyped            ;
; WRCONTROL_WRADDRESS_REG_B          ; CLOCK1                                             ; Untyped            ;
; RDCONTROL_REG_B                    ; CLOCK1                                             ; Untyped            ;
; ADDRESS_REG_B                      ; CLOCK1                                             ; Untyped            ;
; OUTDATA_REG_B                      ; CLOCK1                                             ; Untyped            ;
; BYTEENA_REG_B                      ; CLOCK1                                             ; Untyped            ;
; INDATA_ACLR_B                      ; NONE                                               ; Untyped            ;
; WRCONTROL_ACLR_B                   ; NONE                                               ; Untyped            ;
; ADDRESS_ACLR_B                     ; NONE                                               ; Untyped            ;
; OUTDATA_ACLR_B                     ; NONE                                               ; Untyped            ;
; RDCONTROL_ACLR_B                   ; NONE                                               ; Untyped            ;
; BYTEENA_ACLR_B                     ; NONE                                               ; Untyped            ;
; WIDTH_BYTEENA_A                    ; 1                                                  ; Untyped            ;
; WIDTH_BYTEENA_B                    ; 1                                                  ; Untyped            ;
; RAM_BLOCK_TYPE                     ; AUTO                                               ; Untyped            ;
; BYTE_SIZE                          ; 8                                                  ; Untyped            ;
; READ_DURING_WRITE_MODE_MIXED_PORTS ; DONT_CARE                                          ; Untyped            ;
; READ_DURING_WRITE_MODE_PORT_A      ; NEW_DATA_NO_NBE_READ                               ; Untyped            ;
; READ_DURING_WRITE_MODE_PORT_B      ; NEW_DATA_NO_NBE_READ                               ; Untyped            ;
; INIT_FILE                          ; db/processador.ram0_register_file_87c776fc.hdl.mif ; Untyped            ;
; INIT_FILE_LAYOUT                   ; PORT_A                                             ; Untyped            ;
; MAXIMUM_DEPTH                      ; 0                                                  ; Untyped            ;
; CLOCK_ENABLE_INPUT_A               ; NORMAL                                             ; Untyped            ;
; CLOCK_ENABLE_INPUT_B               ; NORMAL                                             ; Untyped            ;
; CLOCK_ENABLE_OUTPUT_A              ; NORMAL                                             ; Untyped            ;
; CLOCK_ENABLE_OUTPUT_B              ; NORMAL                                             ; Untyped            ;
; CLOCK_ENABLE_CORE_A                ; USE_INPUT_CLKEN                                    ; Untyped            ;
; CLOCK_ENABLE_CORE_B                ; USE_INPUT_CLKEN                                    ; Untyped            ;
; ENABLE_ECC                         ; FALSE                                              ; Untyped            ;
; ECC_PIPELINE_STAGE_ENABLED         ; FALSE                                              ; Untyped            ;
; WIDTH_ECCSTATUS                    ; 3                                                  ; Untyped            ;
; DEVICE_FAMILY                      ; Cyclone II                                         ; Untyped            ;
; CBXI_PARAMETER                     ; altsyncram_bqh1                                    ; Untyped            ;
+------------------------------------+----------------------------------------------------+--------------------+
Note: In order to hide this table in the UI and the text report file, please set the "Show Parameter Settings in Synthesis Report" option in "Analysis and Synthesis Settings -> More Settings" to "Off".


+--------------------------------------------------------------------------------------------------------------+
; Parameter Settings for Inferred Entity Instance: register_file:instancia_reg_file|altsyncram:registers_rtl_1 ;
+------------------------------------+----------------------------------------------------+--------------------+
; Parameter Name                     ; Value                                              ; Type               ;
+------------------------------------+----------------------------------------------------+--------------------+
; BYTE_SIZE_BLOCK                    ; 8                                                  ; Untyped            ;
; AUTO_CARRY_CHAINS                  ; ON                                                 ; AUTO_CARRY         ;
; IGNORE_CARRY_BUFFERS               ; OFF                                                ; IGNORE_CARRY       ;
; AUTO_CASCADE_CHAINS                ; ON                                                 ; AUTO_CASCADE       ;
; IGNORE_CASCADE_BUFFERS             ; OFF                                                ; IGNORE_CASCADE     ;
; WIDTH_BYTEENA                      ; 1                                                  ; Untyped            ;
; OPERATION_MODE                     ; DUAL_PORT                                          ; Untyped            ;
; WIDTH_A                            ; 32                                                 ; Untyped            ;
; WIDTHAD_A                          ; 5                                                  ; Untyped            ;
; NUMWORDS_A                         ; 32                                                 ; Untyped            ;
; OUTDATA_REG_A                      ; UNREGISTERED                                       ; Untyped            ;
; ADDRESS_ACLR_A                     ; NONE                                               ; Untyped            ;
; OUTDATA_ACLR_A                     ; NONE                                               ; Untyped            ;
; WRCONTROL_ACLR_A                   ; NONE                                               ; Untyped            ;
; INDATA_ACLR_A                      ; NONE                                               ; Untyped            ;
; BYTEENA_ACLR_A                     ; NONE                                               ; Untyped            ;
; WIDTH_B                            ; 32                                                 ; Untyped            ;
; WIDTHAD_B                          ; 5                                                  ; Untyped            ;
; NUMWORDS_B                         ; 32                                                 ; Untyped            ;
; INDATA_REG_B                       ; CLOCK1                                             ; Untyped            ;
; WRCONTROL_WRADDRESS_REG_B          ; CLOCK1                                             ; Untyped            ;
; RDCONTROL_REG_B                    ; CLOCK1                                             ; Untyped            ;
; ADDRESS_REG_B                      ; CLOCK1                                             ; Untyped            ;
; OUTDATA_REG_B                      ; CLOCK1                                             ; Untyped            ;
; BYTEENA_REG_B                      ; CLOCK1                                             ; Untyped            ;
; INDATA_ACLR_B                      ; NONE                                               ; Untyped            ;
; WRCONTROL_ACLR_B                   ; NONE                                               ; Untyped            ;
; ADDRESS_ACLR_B                     ; NONE                                               ; Untyped            ;
; OUTDATA_ACLR_B                     ; NONE                                               ; Untyped            ;
; RDCONTROL_ACLR_B                   ; NONE                                               ; Untyped            ;
; BYTEENA_ACLR_B                     ; NONE                                               ; Untyped            ;
; WIDTH_BYTEENA_A                    ; 1                                                  ; Untyped            ;
; WIDTH_BYTEENA_B                    ; 1                                                  ; Untyped            ;
; RAM_BLOCK_TYPE                     ; AUTO                                               ; Untyped            ;
; BYTE_SIZE                          ; 8                                                  ; Untyped            ;
; READ_DURING_WRITE_MODE_MIXED_PORTS ; DONT_CARE                                          ; Untyped            ;
; READ_DURING_WRITE_MODE_PORT_A      ; NEW_DATA_NO_NBE_READ                               ; Untyped            ;
; READ_DURING_WRITE_MODE_PORT_B      ; NEW_DATA_NO_NBE_READ                               ; Untyped            ;
; INIT_FILE                          ; db/processador.ram0_register_file_87c776fc.hdl.mif ; Untyped            ;
; INIT_FILE_LAYOUT                   ; PORT_A                                             ; Untyped            ;
; MAXIMUM_DEPTH                      ; 0                                                  ; Untyped            ;
; CLOCK_ENABLE_INPUT_A               ; NORMAL                                             ; Untyped            ;
; CLOCK_ENABLE_INPUT_B               ; NORMAL                                             ; Untyped            ;
; CLOCK_ENABLE_OUTPUT_A              ; NORMAL                                             ; Untyped            ;
; CLOCK_ENABLE_OUTPUT_B              ; NORMAL                                             ; Untyped            ;
; CLOCK_ENABLE_CORE_A                ; USE_INPUT_CLKEN                                    ; Untyped            ;
; CLOCK_ENABLE_CORE_B                ; USE_INPUT_CLKEN                                    ; Untyped            ;
; ENABLE_ECC                         ; FALSE                                              ; Untyped            ;
; ECC_PIPELINE_STAGE_ENABLED         ; FALSE                                              ; Untyped            ;
; WIDTH_ECCSTATUS                    ; 3                                                  ; Untyped            ;
; DEVICE_FAMILY                      ; Cyclone II                                         ; Untyped            ;
; CBXI_PARAMETER                     ; altsyncram_bqh1                                    ; Untyped            ;
+------------------------------------+----------------------------------------------------+--------------------+
Note: In order to hide this table in the UI and the text report file, please set the "Show Parameter Settings in Synthesis Report" option in "Analysis and Synthesis Settings -> More Settings" to "Off".


+---------------------------------------------------------------------------------------------------------+
; altsyncram Parameter Settings by Entity Instance                                                        ;
+-------------------------------------------+-------------------------------------------------------------+
; Name                                      ; Value                                                       ;
+-------------------------------------------+-------------------------------------------------------------+
; Number of entity instances                ; 2                                                           ;
; Entity Instance                           ; register_file:instancia_reg_file|altsyncram:registers_rtl_0 ;
;     -- OPERATION_MODE                     ; DUAL_PORT                                                   ;
;     -- WIDTH_A                            ; 32                                                          ;
;     -- NUMWORDS_A                         ; 32                                                          ;
;     -- OUTDATA_REG_A                      ; UNREGISTERED                                                ;
;     -- WIDTH_B                            ; 32                                                          ;
;     -- NUMWORDS_B                         ; 32                                                          ;
;     -- ADDRESS_REG_B                      ; CLOCK1                                                      ;
;     -- OUTDATA_REG_B                      ; CLOCK1                                                      ;
;     -- RAM_BLOCK_TYPE                     ; AUTO                                                        ;
;     -- READ_DURING_WRITE_MODE_MIXED_PORTS ; DONT_CARE                                                   ;
; Entity Instance                           ; register_file:instancia_reg_file|altsyncram:registers_rtl_1 ;
;     -- OPERATION_MODE                     ; DUAL_PORT                                                   ;
;     -- WIDTH_A                            ; 32                                                          ;
;     -- NUMWORDS_A                         ; 32                                                          ;
;     -- OUTDATA_REG_A                      ; UNREGISTERED                                                ;
;     -- WIDTH_B                            ; 32                                                          ;
;     -- NUMWORDS_B                         ; 32                                                          ;
;     -- ADDRESS_REG_B                      ; CLOCK1                                                      ;
;     -- OUTDATA_REG_B                      ; CLOCK1                                                      ;
;     -- RAM_BLOCK_TYPE                     ; AUTO                                                        ;
;     -- READ_DURING_WRITE_MODE_MIXED_PORTS ; DONT_CARE                                                   ;
+-------------------------------------------+-------------------------------------------------------------+


+--------------------------------------------------------+
; Port Connectivity Checks: "somador:instancia_soamador" ;
+------------+-------+----------+------------------------+
; Port       ; Type  ; Severity ; Details                ;
+------------+-------+----------+------------------------+
; in2[31..3] ; Input ; Info     ; Stuck at GND           ;
; in2[1..0]  ; Input ; Info     ; Stuck at GND           ;
; in2[2]     ; Input ; Info     ; Stuck at VCC           ;
+------------+-------+----------+------------------------+


+-------------------------------+
; Elapsed Time Per Partition    ;
+----------------+--------------+
; Partition Name ; Elapsed Time ;
+----------------+--------------+
; Top            ; 00:00:00     ;
+----------------+--------------+


+-------------------------------+
; Analysis & Synthesis Messages ;
+-------------------------------+
Info: *******************************************************************
Info: Running Quartus II 64-Bit Analysis & Synthesis
    Info: Version 13.0.1 Build 232 06/12/2013 Service Pack 1 SJ Web Edition
    Info: Processing started: Fri Dec 06 13:08:07 2019
Info: Command: quartus_map --read_settings_files=on --write_settings_files=off processador -c processador
Warning (20028): Parallel compilation is not licensed and has been disabled
Info (12021): Found 2 design units, including 1 entities, in source file register_file.vhd
    Info (12022): Found design unit 1: register_file-behavioral
    Info (12023): Found entity 1: register_file
Info (12021): Found 2 design units, including 1 entities, in source file somador.vhd
    Info (12022): Found design unit 1: somador-comportamento
    Info (12023): Found entity 1: somador
Info (12021): Found 2 design units, including 1 entities, in source file signextend.vhd
    Info (12022): Found design unit 1: SignExtend-struct
    Info (12023): Found entity 1: SignExtend
Info (12021): Found 2 design units, including 1 entities, in source file regw.vhd
    Info (12022): Found design unit 1: regW-comportamento
    Info (12023): Found entity 1: regW
Info (12021): Found 2 design units, including 1 entities, in source file regpc.vhd
    Info (12022): Found design unit 1: regPC-comportamento
    Info (12023): Found entity 1: regPC
Info (12021): Found 2 design units, including 1 entities, in source file rege.vhd
    Info (12022): Found design unit 1: regE-comportamento
    Info (12023): Found entity 1: regE
Info (12021): Found 2 design units, including 1 entities, in source file regd.vhd
    Info (12022): Found design unit 1: regD-comportamento
    Info (12023): Found entity 1: regD
Info (12021): Found 2 design units, including 1 entities, in source file mux2x1_32bits.vhd
    Info (12022): Found design unit 1: Mux2x1_32bits-Logic
    Info (12023): Found entity 1: Mux2x1_32bits
Info (12021): Found 2 design units, including 1 entities, in source file mux2x1_5bits.vhd
    Info (12022): Found design unit 1: Mux2x1_5bits-Logic
    Info (12023): Found entity 1: Mux2x1_5bits
Info (12021): Found 2 design units, including 1 entities, in source file hazard.vhd
    Info (12022): Found design unit 1: Hazard-struct
    Info (12023): Found entity 1: Hazard
Info (12021): Found 2 design units, including 1 entities, in source file divisor_sinal.vhd
    Info (12022): Found design unit 1: divisor_sinal-comportamento
    Info (12023): Found entity 1: divisor_sinal
Info (12021): Found 2 design units, including 1 entities, in source file control.vhd
    Info (12022): Found design unit 1: Control-Logic
    Info (12023): Found entity 1: Control
Info (12021): Found 2 design units, including 1 entities, in source file alu.vhd
    Info (12022): Found design unit 1: ALU-comportamento
    Info (12023): Found entity 1: ALU
Info (12021): Found 2 design units, including 1 entities, in source file processador.vhd
    Info (12022): Found design unit 1: processador-comportamento
    Info (12023): Found entity 1: processador
Info (12021): Found 2 design units, including 1 entities, in source file tb_processador.vhd
    Info (12022): Found design unit 1: tb_processador-comportamento
    Info (12023): Found entity 1: tb_processador
Info (12127): Elaborating entity "processador" for the top level hierarchy
Info (12128): Elaborating entity "regPC" for hierarchy "regPC:instancia_regPC"
Info (12128): Elaborating entity "somador" for hierarchy "somador:instancia_soamador"
Info (12128): Elaborating entity "regD" for hierarchy "regD:instancia_regD"
Info (12128): Elaborating entity "divisor_sinal" for hierarchy "divisor_sinal:instancia_div_sinal"
Info (12128): Elaborating entity "register_file" for hierarchy "register_file:instancia_reg_file"
Warning (10492): VHDL Process Statement warning at register_file.vhd(25): signal "WE3" is read inside the Process Statement but isn't in the Process Statement's sensitivity list
Info (12128): Elaborating entity "Control" for hierarchy "Control:instancia_control"
Info (12128): Elaborating entity "SignExtend" for hierarchy "SignExtend:instancia_SignExtend"
Info (12128): Elaborating entity "regE" for hierarchy "regE:instancia_regE"
Info (12128): Elaborating entity "Mux2x1_5bits" for hierarchy "Mux2x1_5bits:instancia_mux5bits"
Info (12128): Elaborating entity "Mux2x1_32bits" for hierarchy "Mux2x1_32bits:instancia_mux_ForwardA"
Info (12128): Elaborating entity "ALU" for hierarchy "ALU:instancia_ALU"
Info (12128): Elaborating entity "regW" for hierarchy "regW:instancia_regW"
Info (12128): Elaborating entity "Hazard" for hierarchy "Hazard:instancia_Hazard"
Warning (276027): Inferred dual-clock RAM node "register_file:instancia_reg_file|registers_rtl_0" from synchronous design logic.  The read-during-write behavior of a dual-clock RAM is undefined and may not match the behavior of the original design.
Warning (276027): Inferred dual-clock RAM node "register_file:instancia_reg_file|registers_rtl_1" from synchronous design logic.  The read-during-write behavior of a dual-clock RAM is undefined and may not match the behavior of the original design.
Info (19000): Inferred 2 megafunctions from design logic
    Info (276029): Inferred altsyncram megafunction from the following design logic: "register_file:instancia_reg_file|registers_rtl_0" 
        Info (286033): Parameter OPERATION_MODE set to DUAL_PORT
        Info (286033): Parameter WIDTH_A set to 32
        Info (286033): Parameter WIDTHAD_A set to 5
        Info (286033): Parameter NUMWORDS_A set to 32
        Info (286033): Parameter WIDTH_B set to 32
        Info (286033): Parameter WIDTHAD_B set to 5
        Info (286033): Parameter NUMWORDS_B set to 32
        Info (286033): Parameter ADDRESS_ACLR_A set to NONE
        Info (286033): Parameter OUTDATA_REG_B set to CLOCK1
        Info (286033): Parameter ADDRESS_ACLR_B set to NONE
        Info (286033): Parameter OUTDATA_ACLR_B set to NONE
        Info (286033): Parameter ADDRESS_REG_B set to CLOCK1
        Info (286033): Parameter INDATA_ACLR_A set to NONE
        Info (286033): Parameter WRCONTROL_ACLR_A set to NONE
        Info (286033): Parameter INIT_FILE set to db/processador.ram0_register_file_87c776fc.hdl.mif
    Info (276029): Inferred altsyncram megafunction from the following design logic: "register_file:instancia_reg_file|registers_rtl_1" 
        Info (286033): Parameter OPERATION_MODE set to DUAL_PORT
        Info (286033): Parameter WIDTH_A set to 32
        Info (286033): Parameter WIDTHAD_A set to 5
        Info (286033): Parameter NUMWORDS_A set to 32
        Info (286033): Parameter WIDTH_B set to 32
        Info (286033): Parameter WIDTHAD_B set to 5
        Info (286033): Parameter NUMWORDS_B set to 32
        Info (286033): Parameter ADDRESS_ACLR_A set to NONE
        Info (286033): Parameter OUTDATA_REG_B set to CLOCK1
        Info (286033): Parameter ADDRESS_ACLR_B set to NONE
        Info (286033): Parameter OUTDATA_ACLR_B set to NONE
        Info (286033): Parameter ADDRESS_REG_B set to CLOCK1
        Info (286033): Parameter INDATA_ACLR_A set to NONE
        Info (286033): Parameter WRCONTROL_ACLR_A set to NONE
        Info (286033): Parameter INIT_FILE set to db/processador.ram0_register_file_87c776fc.hdl.mif
Info (12130): Elaborated megafunction instantiation "register_file:instancia_reg_file|altsyncram:registers_rtl_0"
Info (12133): Instantiated megafunction "register_file:instancia_reg_file|altsyncram:registers_rtl_0" with the following parameter:
    Info (12134): Parameter "OPERATION_MODE" = "DUAL_PORT"
    Info (12134): Parameter "WIDTH_A" = "32"
    Info (12134): Parameter "WIDTHAD_A" = "5"
    Info (12134): Parameter "NUMWORDS_A" = "32"
    Info (12134): Parameter "WIDTH_B" = "32"
    Info (12134): Parameter "WIDTHAD_B" = "5"
    Info (12134): Parameter "NUMWORDS_B" = "32"
    Info (12134): Parameter "ADDRESS_ACLR_A" = "NONE"
    Info (12134): Parameter "OUTDATA_REG_B" = "CLOCK1"
    Info (12134): Parameter "ADDRESS_ACLR_B" = "NONE"
    Info (12134): Parameter "OUTDATA_ACLR_B" = "NONE"
    Info (12134): Parameter "ADDRESS_REG_B" = "CLOCK1"
    Info (12134): Parameter "INDATA_ACLR_A" = "NONE"
    Info (12134): Parameter "WRCONTROL_ACLR_A" = "NONE"
    Info (12134): Parameter "INIT_FILE" = "db/processador.ram0_register_file_87c776fc.hdl.mif"
Info (12021): Found 1 design units, including 1 entities, in source file db/altsyncram_bqh1.tdf
    Info (12023): Found entity 1: altsyncram_bqh1
Warning (13024): Output pins are stuck at VCC or GND
    Warning (13410): Pin "PC_atual_out[0]" is stuck at GND
    Warning (13410): Pin "PC_atual_out[1]" is stuck at GND
Info (16010): Generating hard_block partition "hard_block:auto_generated_inst"
    Info (16011): Adding 0 node(s), including 0 DDIO, 0 PLL, 0 transceiver and 0 LCELL
Info (21057): Implemented 506 device resources after synthesis - the final resource count might be different
    Info (21058): Implemented 33 input pins
    Info (21059): Implemented 70 output pins
    Info (21061): Implemented 339 logic cells
    Info (21064): Implemented 64 RAM segments
Info: Quartus II 64-Bit Analysis & Synthesis was successful. 0 errors, 7 warnings
    Info: Peak virtual memory: 4671 megabytes
    Info: Processing ended: Fri Dec 06 13:08:10 2019
    Info: Elapsed time: 00:00:03
    Info: Total CPU time (on all processors): 00:00:03


